<?xml version="1.0" encoding="UTF-8"?>
<testsuite name="RockPaperScissorsTest" tests="2" skipped="0" failures="0" errors="0" timestamp="2015-08-12T22:53:58" hostname="epicodus-105.local" time="0.307">
  <properties/>
  <testcase name="rootTest" classname="RockPaperScissorsTest" time="0.242"/>
  <testcase name="rpsGame" classname="RockPaperScissorsTest" time="0.061"/>
  <system-out><![CDATA[]]></system-out>
  <system-err><![CDATA[[Thread-4] INFO spark.webserver.SparkServer - == Spark has ignited ...
[Thread-4] INFO spark.webserver.SparkServer - >> Listening on 0.0.0.0:4567
[Thread-4] INFO org.eclipse.jetty.server.Server - jetty-9.0.2.v20130417
[Thread-4] INFO org.eclipse.jetty.server.ServerConnector - Started ServerConnector@2617ee0d{HTTP/1.1}{0.0.0.0:4567}
[Test worker] INFO spark.webserver.SparkServer - >>> Spark shutting down ...
[Test worker] INFO org.eclipse.jetty.server.Server - Graceful shutdown org.eclipse.jetty.server.Server@64736ef0 by 
[Test worker] INFO org.eclipse.jetty.server.ServerConnector - Stopped ServerConnector@2617ee0d{HTTP/1.1}{0.0.0.0:4567}
[Test worker] INFO spark.webserver.SparkServer - done
]]></system-err>
</testsuite>
